🚀 CWAY Academy API Server running on port 4000 in development mode

Successfully connected to Redis

prisma:query SELECT `main`.`User`.`id`, `main`.`User`.`email`, `main`.`User`.`role`, `main`.`User`.`isBanned` FROM `main`.`User` WHERE (`main`.`User`.`id` = ? AND 1=1) LIMIT ? OFFSET ?

prisma:query SELECT `main`.`Quiz`.`id`, `main`.`Quiz`.`lessonId`, `main`.`Quiz`.`title`, `main`.`Quiz`.`passingScore`, `main`.`Quiz`.`timeLimit`, `main`.`Quiz`.`maxAttempts`, `main`.`Quiz`.`rubricId` FROM `main`.`Quiz` WHERE (`main`.`Quiz`.`id` = ? AND 1=1) LIMIT ? OFFSET ?

prisma:query SELECT `main`.`Lesson`.`id`, `main`.`Lesson`.`sectionId`, `main`.`Lesson`.`title`, `main`.`Lesson`.`type`, `main`.`Lesson`.`content`, `main`.`Lesson`.`videoUrl`, `main`.`Lesson`.`duration`, `main`.`Lesson`.`order`, `main`.`Lesson`.`isFree`, `main`.`Lesson`.`isPreview`, `main`.`Lesson`.`bunnyVideoId` FROM `main`.`Lesson` WHERE `main`.`Lesson`.`id` IN (?) LIMIT ? OFFSET ?

prisma:query SELECT `main`.`Section`.`id`, `main`.`Section`.`courseId`, `main`.`Section`.`title`, `main`.`Section`.`description`, `main`.`Section`.`objectives`, `main`.`Section`.`weekNumber`, `main`.`Section`.`isPublished`, `main`.`Section`.`order` FROM `main`.`Section` WHERE `main`.`Section`.`id` IN (?) LIMIT ? OFFSET ?
prisma:query SELECT `main`.`Course`.`id`, `main`.`Course`.`title`, `main`.`Course`.`slug`, `main`.`Course`.`subtitle`, `main`.`Course`.`description`, `main`.`Course`.`thumbnail`, `main`.`Course`.`promoVideoUrl`, `main`.`Course`.`price`, `main`.`Course`.`currency`, `main`.`Course`.`status`, `main`.`Course`.`level`, `main`.`Course`.`language`, `main`.`Course`.`moduleNumber`, `main`.`Course`.`weeksDuration`, `main`.`Course`.`totalLectures`, `main`.`Course`.`totalDuration`, `main`.`Course`.`scriptureRef`, `main`.`Course`.`isFeatured`, `main`.`Course`.`isFree`, `main`.`Course`.`requirements`, `main`.`Course`.`outcomes`, `main`.`Course`.`targetAudience`, `main`.`Course`.`welcomeMessage`, `main`.`Course`.`congratsMessage`, `main`.`Course`.`tags`, `main`.`Course`.`rejectionReason`, `main`.`Course`.`instructorId`, `main`.`Course`.`categoryId`, `main`.`Course`.`createdAt`, `main`.`Course`.`updatedAt` FROM `main`.`Course` WHERE `main`.`Course`.`id` IN (?) LIMIT ? OFFSET ?

[PRISMA INTERCEPTOR] model=Question, field=requirements

[PRISMA INTERCEPTOR] model=Question, field=outcomes
[PRISMA INTERCEPTOR] model=Question, field=targetAudience
[PRISMA INTERCEPTOR] model=Question, field=tags
[PRISMA INTERCEPTOR] model=Question, field=variables
[PRISMA INTERCEPTOR] model=Question, field=answers
[PRISMA INTERCEPTOR] Skipping stringify for answers on model Question

[PRISMA INTERCEPTOR] model=Question, field=smtpConfig
[PRISMA INTERCEPTOR] model=Question, field=stripeConfig
[PRISMA INTERCEPTOR] model=Question, field=storageConfig

prisma:query BEGIN

prisma:query INSERT INTO `main`.`Question` (`id`, `quizId`, `text`, `type`, `points`, `order`) VALUES (?,?,?,?,?,?) RETURNING `id` AS `id`

prisma:query INSERT INTO `main`.`Answer` (`text`, `id`, `questionId`, `isCorrect`) VALUES (?,?,?,?), (?,?,?,?)

prisma:query SELECT `main`.`Question`.`id`, `main`.`Question`.`quizId`, `main`.`Question`.`text`, `main`.`Question`.`type`, `main`.`Question`.`points`, `main`.`Question`.`order`, `main`.`Question`.`scriptureRef` FROM `main`.`Question` WHERE `main`.`Question`.`id` = ? LIMIT ? OFFSET ?

prisma:query SELECT `main`.`Answer`.`id`, `main`.`Answer`.`questionId`, `main`.`Answer`.`text`, `main`.`Answer`.`isCorrect` FROM `main`.`Answer` WHERE `main`.`Answer`.`questionId` IN (?) LIMIT ? OFFSET ?

prisma:query COMMIT

[0mPOST /api/v1/quizzes/cmq3ncic7000b1lee50b6kl8k/questions [32m201[0m 33.978 ms - 406[0m

TEST: SUCCESS: {
  status: 'success',
  data: {
    id: 'cmq3zitry0001x6yof22bamyg',
    quizId: 'cmq3ncic7000b1lee50b6kl8k',
    text: 'Test API Still Failing',
    type: 'MCQ',
    points: 1,
    order: 0,
    scriptureRef: null,
    answers: [ [Object], [Object] ]
  }
}

